<?xml version="1.0" encoding="UTF-8"?>
<!-- Generated by org.testng.reporters.JUnitReportReporter -->
<testsuite skipped="0" hostname="preethesh" name="com.selenium.test.phpTravels.OptionListFromNavBar" tests="1" failures="0" timestamp="12 Aug 2018 07:56:34 GMT" time="4.707" errors="0">
  <testcase name="getTheOptionListFromMainPage" time="4.707" classname="com.selenium.test.phpTravels.OptionListFromNavBar"/>
</testsuite> <!-- com.selenium.test.phpTravels.OptionListFromNavBar -->
