<?xml version="1.0" encoding="UTF-8"?>
<!-- Generated by org.testng.reporters.JUnitReportReporter -->
<testsuite skipped="0" hostname="preethesh" name="com.selenium.test.EnterDetailsInRegistrationScreen" tests="1" failures="0" timestamp="25 Jul 2018 10:36:13 GMT" time="11.188" errors="0">
  <testcase name="RegistrationScreenTest" time="11.188" classname="com.selenium.test.EnterDetailsInRegistrationScreen"/>
</testsuite> <!-- com.selenium.test.EnterDetailsInRegistrationScreen -->
